GC Precious Log:
 CardTable entry size: 512
 Card Set container configuration: InlinePtr #cards 5 size 8 Array Of Cards #cards 12 size 40 Howl #buckets 4 coarsen threshold 1843 Howl Bitmap #cards 512 size 80 coarsen threshold 460 Card regions per heap region 1 cards per card region 2048
 CPUs: 4 total, 4 available
 Memory: 8026M
 Large Page Support: Disabled
 NUMA Support: Disabled
 Compressed Oops: Enabled (32-bit)
 Heap Region Size: 1M
 Heap Min Capacity: 8M
 Heap Initial Capacity: 126M
 Heap Max Capacity: 2008M
 Pre-touch: Disabled
 Parallel Workers: 4
 Concurrent Workers: 1
 Concurrent Refinement Workers: 4
 Periodic GC: Disabled
Heap:
 garbage-first heap   total 81920K, used 66870K [0x0000000082800000, 0x0000000100000000)
  region size 1024K, 37 young (37888K), 2 survivors (2048K)
 Metaspace       used 68151K, committed 68672K, reserved 1114112K
  class space    used 8911K, committed 9152K, reserved 1048576K
GC Heap History (20 events):
Event: 6.798 GC heap before
{Heap before GC invocations=12 (full 0):
 garbage-first heap   total 48128K, used 36069K [0x0000000082800000, 0x0000000100000000)
  region size 1024K, 18 young (18432K), 3 survivors (3072K)
 Metaspace       used 45240K, committed 45632K, reserved 1114112K
  class space    used 5853K, committed 6016K, reserved 1048576K
}
Event: 6.802 GC heap after
{Heap after GC invocations=13 (full 0):
 garbage-first heap   total 48128K, used 21600K [0x0000000082800000, 0x0000000100000000)
  region size 1024K, 1 young (1024K), 1 survivors (1024K)
 Metaspace       used 45240K, committed 45632K, reserved 1114112K
  class space    used 5853K, committed 6016K, reserved 1048576K
}
Event: 7.099 GC heap before
{Heap before GC invocations=13 (full 0):
 garbage-first heap   total 48128K, used 36960K [0x0000000082800000, 0x0000000100000000)
  region size 1024K, 16 young (16384K), 1 survivors (1024K)
 Metaspace       used 49514K, committed 49856K, reserved 1114112K
  class space    used 6521K, committed 6656K, reserved 1048576K
}
Event: 7.102 GC heap after
{Heap after GC invocations=14 (full 0):
 garbage-first heap   total 81920K, used 22273K [0x0000000082800000, 0x0000000100000000)
  region size 1024K, 2 young (2048K), 2 survivors (2048K)
 Metaspace       used 49514K, committed 49856K, reserved 1114112K
  class space    used 6521K, committed 6656K, reserved 1048576K
}
Event: 8.122 GC heap before
{Heap before GC invocations=14 (full 0):
 garbage-first heap   total 81920K, used 63233K [0x0000000082800000, 0x0000000100000000)
  region size 1024K, 43 young (44032K), 2 survivors (2048K)
 Metaspace       used 56454K, committed 56896K, reserved 1114112K
  class space    used 7460K, committed 7680K, reserved 1048576K
}
Event: 8.127 GC heap after
{Heap after GC invocations=15 (full 0):
 garbage-first heap   total 81920K, used 24891K [0x0000000082800000, 0x0000000100000000)
  region size 1024K, 5 young (5120K), 5 survivors (5120K)
 Metaspace       used 56454K, committed 56896K, reserved 1114112K
  class space    used 7460K, committed 7680K, reserved 1048576K
}
Event: 8.521 GC heap before
{Heap before GC invocations=15 (full 0):
 garbage-first heap   total 81920K, used 47419K [0x0000000082800000, 0x0000000100000000)
  region size 1024K, 28 young (28672K), 5 survivors (5120K)
 Metaspace       used 59711K, committed 60096K, reserved 1114112K
  class space    used 7923K, committed 8128K, reserved 1048576K
}
Event: 8.528 GC heap after
{Heap after GC invocations=16 (full 0):
 garbage-first heap   total 81920K, used 27230K [0x0000000082800000, 0x0000000100000000)
  region size 1024K, 5 young (5120K), 5 survivors (5120K)
 Metaspace       used 59711K, committed 60096K, reserved 1114112K
  class space    used 7923K, committed 8128K, reserved 1048576K
}
Event: 61.915 GC heap before
{Heap before GC invocations=17 (full 0):
 garbage-first heap   total 81920K, used 63070K [0x0000000082800000, 0x0000000100000000)
  region size 1024K, 41 young (41984K), 5 survivors (5120K)
 Metaspace       used 66683K, committed 67136K, reserved 1114112K
  class space    used 8800K, committed 9024K, reserved 1048576K
}
Event: 61.924 GC heap after
{Heap after GC invocations=18 (full 0):
 garbage-first heap   total 81920K, used 30770K [0x0000000082800000, 0x0000000100000000)
  region size 1024K, 6 young (6144K), 6 survivors (6144K)
 Metaspace       used 66683K, committed 67136K, reserved 1114112K
  class space    used 8800K, committed 9024K, reserved 1048576K
}
Event: 1012.718 GC heap before
{Heap before GC invocations=18 (full 0):
 garbage-first heap   total 81920K, used 63538K [0x0000000082800000, 0x0000000100000000)
  region size 1024K, 38 young (38912K), 6 survivors (6144K)
 Metaspace       used 67786K, committed 68288K, reserved 1114112K
  class space    used 8906K, committed 9152K, reserved 1048576K
}
Event: 1012.755 GC heap after
{Heap after GC invocations=19 (full 0):
 garbage-first heap   total 81920K, used 31722K [0x0000000082800000, 0x0000000100000000)
  region size 1024K, 1 young (1024K), 1 survivors (1024K)
 Metaspace       used 67786K, committed 68288K, reserved 1114112K
  class space    used 8906K, committed 9152K, reserved 1048576K
}
Event: 1870.460 GC heap before
{Heap before GC invocations=19 (full 0):
 garbage-first heap   total 81920K, used 65514K [0x0000000082800000, 0x0000000100000000)
  region size 1024K, 34 young (34816K), 1 survivors (1024K)
 Metaspace       used 67978K, committed 68480K, reserved 1114112K
  class space    used 8910K, committed 9152K, reserved 1048576K
}
Event: 1870.465 GC heap after
{Heap after GC invocations=20 (full 0):
 garbage-first heap   total 81920K, used 31889K [0x0000000082800000, 0x0000000100000000)
  region size 1024K, 2 young (2048K), 2 survivors (2048K)
 Metaspace       used 67978K, committed 68480K, reserved 1114112K
  class space    used 8910K, committed 9152K, reserved 1048576K
}
Event: 3209.773 GC heap before
{Heap before GC invocations=20 (full 0):
 garbage-first heap   total 81920K, used 66705K [0x0000000082800000, 0x0000000100000000)
  region size 1024K, 36 young (36864K), 2 survivors (2048K)
 Metaspace       used 68011K, committed 68480K, reserved 1114112K
  class space    used 8910K, committed 9152K, reserved 1048576K
}
Event: 3209.781 GC heap after
{Heap after GC invocations=21 (full 0):
 garbage-first heap   total 81920K, used 31775K [0x0000000082800000, 0x0000000100000000)
  region size 1024K, 2 young (2048K), 2 survivors (2048K)
 Metaspace       used 68011K, committed 68480K, reserved 1114112K
  class space    used 8910K, committed 9152K, reserved 1048576K
}
Event: 4141.309 GC heap before
{Heap before GC invocations=21 (full 0):
 garbage-first heap   total 81920K, used 67615K [0x0000000082800000, 0x0000000100000000)
  region size 1024K, 37 young (37888K), 2 survivors (2048K)
 Metaspace       used 68090K, committed 68608K, reserved 1114112K
  class space    used 8911K, committed 9152K, reserved 1048576K
}
Event: 4141.332 GC heap after
{Heap after GC invocations=22 (full 0):
 garbage-first heap   total 81920K, used 31994K [0x0000000082800000, 0x0000000100000000)
  region size 1024K, 2 young (2048K), 2 survivors (2048K)
 Metaspace       used 68090K, committed 68608K, reserved 1114112K
  class space    used 8911K, committed 9152K, reserved 1048576K
}
Event: 5345.548 GC heap before
{Heap before GC invocations=22 (full 0):
 garbage-first heap   total 81920K, used 67834K [0x0000000082800000, 0x0000000100000000)
  region size 1024K, 37 young (37888K), 2 survivors (2048K)
 Metaspace       used 68115K, committed 68608K, reserved 1114112K
  class space    used 8911K, committed 9152K, reserved 1048576K
}
Event: 5345.569 GC heap after
{Heap after GC invocations=23 (full 0):
 garbage-first heap   total 81920K, used 32054K [0x0000000082800000, 0x0000000100000000)
  region size 1024K, 2 young (2048K), 2 survivors (2048K)
 Metaspace       used 68115K, committed 68608K, reserved 1114112K
  class space    used 8911K, committed 9152K, reserved 1048576K
}

